[06:11:25] [main/INFO]: Environment: authHost='https://authserver.mojang.com', accountsHost='https://api.mojang.com', sessionHost='https://sessionserver.mojang.com', servicesHost='https://api.minecraftservices.com', name='PROD'
[06:11:25] [main/WARN]: Ambiguity between arguments [teleport, location] and [teleport, destination] with inputs: [0.1 -0.5 .9, 0 0 0]
[06:11:25] [main/WARN]: Ambiguity between arguments [teleport, location] and [teleport, targets] with inputs: [0.1 -0.5 .9, 0 0 0]
[06:11:25] [main/WARN]: Ambiguity between arguments [teleport, destination] and [teleport, targets] with inputs: [Player, 0123, @e, dd12be42-52a9-4a91-a8a1-11c01849e498]
[06:11:25] [main/WARN]: Ambiguity between arguments [teleport, targets] and [teleport, destination] with inputs: [Player, 0123, dd12be42-52a9-4a91-a8a1-11c01849e498]
[06:11:25] [main/WARN]: Ambiguity between arguments [teleport, targets, location] and [teleport, targets, destination] with inputs: [0.1 -0.5 .9, 0 0 0]
[06:11:25] [main/INFO]: Reloading ResourceManager: Default
[06:11:27] [Worker-Main-10/INFO]: Loaded 7 recipes
[06:11:27] [Worker-Main-10/INFO]: Loaded 1137 advancements
[06:11:28] [Server thread/INFO]: Starting minecraft server version 1.17.1
[06:11:28] [Server thread/INFO]: Loading properties
[06:11:28] [Server thread/INFO]: Default game type: SURVIVAL
[06:11:28] [Server thread/INFO]: Generating keypair
[06:11:28] [Server thread/INFO]: Starting Minecraft server on *:25565
[06:11:28] [Server thread/INFO]: Using epoll channel type
[06:11:28] [Server thread/INFO]: Preparing level "world"
[06:11:32] [Server thread/INFO]: Preparing start region for dimension minecraft:overworld
[06:11:32] [Worker-Main-12/INFO]: Preparing spawn area: 0%
[06:11:32] [Worker-Main-12/INFO]: Preparing spawn area: 0%
[06:11:33] [Worker-Main-9/INFO]: Preparing spawn area: 0%
[06:11:33] [Worker-Main-11/INFO]: Preparing spawn area: 3%
[06:11:34] [Worker-Main-12/INFO]: Preparing spawn area: 6%
[06:11:34] [Worker-Main-12/INFO]: Preparing spawn area: 9%
[06:11:35] [Worker-Main-13/INFO]: Preparing spawn area: 10%
[06:11:35] [Worker-Main-12/INFO]: Preparing spawn area: 16%
[06:11:36] [Worker-Main-14/INFO]: Preparing spawn area: 20%
[06:11:36] [Worker-Main-13/INFO]: Preparing spawn area: 23%
[06:11:37] [Worker-Main-13/INFO]: Preparing spawn area: 27%
[06:11:37] [Worker-Main-13/INFO]: Preparing spawn area: 32%
[06:11:38] [Worker-Main-8/INFO]: Preparing spawn area: 35%
[06:11:38] [Worker-Main-14/INFO]: Preparing spawn area: 40%
[06:11:39] [Worker-Main-8/INFO]: Preparing spawn area: 43%
[06:11:39] [Worker-Main-14/INFO]: Preparing spawn area: 47%
[06:11:40] [Worker-Main-13/INFO]: Preparing spawn area: 52%
[06:11:40] [Worker-Main-9/INFO]: Preparing spawn area: 57%
[06:11:41] [Worker-Main-13/INFO]: Preparing spawn area: 63%
[06:11:41] [Worker-Main-10/INFO]: Preparing spawn area: 69%
[06:11:42] [Worker-Main-10/INFO]: Preparing spawn area: 74%
[06:11:42] [Worker-Main-10/INFO]: Preparing spawn area: 80%
[06:11:43] [Worker-Main-12/INFO]: Preparing spawn area: 87%
[06:11:43] [Worker-Main-12/INFO]: Preparing spawn area: 93%
[06:11:44] [Server thread/INFO]: Time elapsed: 11882 ms
[06:11:44] [Server thread/INFO]: Done (15.238s)! For help, type "help"
[06:11:44] [Server thread/INFO]: Starting remote control listener
[06:11:44] [Server thread/INFO]: Thread RCON Listener started
[06:11:44] [Server thread/INFO]: RCON running on 0.0.0.0:25575
[06:11:57] [User Authenticator #1/INFO]: UUID of player Dsong999 is 58bcab51-27d9-4a90-a904-49c6c6a73ad3
[06:11:57] [Server thread/INFO]: Dsong999[/172.17.0.1:34750] logged in with entity id 364 at (188.5, 64.0, -167.5)
[06:11:57] [Server thread/INFO]: Dsong999 joined the game
[06:12:17] [Server thread/INFO]: Dsong999 lost connection: Disconnected
[06:12:17] [Server thread/INFO]: Dsong999 left the game
